Perforce password is empty. Ignoring login request.
Path 'C:/Users/javie/KnightHacks2020\testForProjectRootMapping' is not under client's root 'C:\Users\javie\Perforce\javi's_dev_workspace'.

Error: Path 'C:/Users/javie/KnightHacks2020\testForProjectRootMapping' is not under client's root 'C:\Users\javie\Perforce\javi's_dev_workspace'.

e32:Path 'C:/Users/javie/KnightHacks2020\\testForProjectRootMapping' is not under client's root 'C:\\Users\\javie\\Perforce\\javi's_dev_workspace'.\n
Perforce password is empty. Ignoring login request.
Path 'C:/Users/javie/KnightHacks2020\testForProjectRootMapping' is not under client's root 'C:\Users\javie\Perforce\javi's_dev_workspace'.

Error: Path 'C:/Users/javie/KnightHacks2020\testForProjectRootMapping' is not under client's root 'C:\Users\javie\Perforce\javi's_dev_workspace'.

e32:Path 'C:/Users/javie/KnightHacks2020\\testForProjectRootMapping' is not under client's root 'C:\\Users\\javie\\Perforce\\javi's_dev_workspace'.\n
Perforce password is empty. Ignoring login request.
Path 'C:/Users/javie/KnightHacks2020\testForProjectRootMapping' is not under client's root 'C:\Users\javie\Perforce\javi's_dev_workspace'.

Error: Path 'C:/Users/javie/KnightHacks2020\testForProjectRootMapping' is not under client's root 'C:\Users\javie\Perforce\javi's_dev_workspace'.

e32:Path 'C:/Users/javie/KnightHacks2020\\testForProjectRootMapping' is not under client's root 'C:\\Users\\javie\\Perforce\\javi's_dev_workspace'.\n
Perforce password is empty. Ignoring login request.
Path 'C:/Users/javie/KnightHacks2020\testForProjectRootMapping' is not under client's root 'C:\Users\javie\Perforce\javi's_dev_workspace'.

Error: Path 'C:/Users/javie/KnightHacks2020\testForProjectRootMapping' is not under client's root 'C:\Users\javie\Perforce\javi's_dev_workspace'.

e32:Path 'C:/Users/javie/KnightHacks2020\\testForProjectRootMapping' is not under client's root 'C:\\Users\\javie\\Perforce\\javi's_dev_workspace'.\n
Perforce password is empty. Ignoring login request.
Path 'C:/Users/javie/KnightHacks2020\testForProjectRootMapping' is not under client's root 'C:\Users\javie\Perforce\javi's_dev_workspace'.

Error: Path 'C:/Users/javie/KnightHacks2020\testForProjectRootMapping' is not under client's root 'C:\Users\javie\Perforce\javi's_dev_workspace'.

e32:Path 'C:/Users/javie/KnightHacks2020\\testForProjectRootMapping' is not under client's root 'C:\\Users\\javie\\Perforce\\javi's_dev_workspace'.\n
Perforce password is empty. Ignoring login request.
Path 'C:/Users/javie/KnightHacks2020\testForProjectRootMapping' is not under client's root 'C:\Users\javie\Perforce\javi's_dev_workspace'.

Error: Path 'C:/Users/javie/KnightHacks2020\testForProjectRootMapping' is not under client's root 'C:\Users\javie\Perforce\javi's_dev_workspace'.

e32:Path 'C:/Users/javie/KnightHacks2020\\testForProjectRootMapping' is not under client's root 'C:\\Users\\javie\\Perforce\\javi's_dev_workspace'.\n
Perforce password is empty. Ignoring login request.
Path 'C:/Users/javie/KnightHacks2020\testForProjectRootMapping' is not under client's root 'C:\Users\javie\Perforce\javi's_dev_workspace'.

Error: Path 'C:/Users/javie/KnightHacks2020\testForProjectRootMapping' is not under client's root 'C:\Users\javie\Perforce\javi's_dev_workspace'.

e32:Path 'C:/Users/javie/KnightHacks2020\\testForProjectRootMapping' is not under client's root 'C:\\Users\\javie\\Perforce\\javi's_dev_workspace'.\n
Perforce password is empty. Ignoring login request.
Client 'javi's_dev_workspace' can only be used from host 'Yogi'.

Error: Client 'javi's_dev_workspace' can only be used from host 'Yogi'.

e32:Client 'javi's_dev_workspace' can only be used from host 'Yogi'.\n
